<?xml version="1.0" encoding="UTF-8"?>
<!-- Generated by org.testng.reporters.JUnitXMLReporter -->
<testsuite ignored="0" hostname="DESKTOP-GMO2ANI" failures="1" tests="5" name="Accounts Page" time="30.334" errors="0" timestamp="23 May 2021 17:58:44 GMT">
  <testcase classname="com.qa.hubspot.tests.AccountsPageTest" name="verifyAccountsPageHeaderTest" time="0.073"/>
  <testcase classname="com.qa.hubspot.tests.AccountsPageTest" name="accountsPageTitleTest" time="0.009"/>
  <testcase classname="com.qa.hubspot.tests.AccountsPageTest" name="verifyMyAccountSectionsCountTest" time="0.019"/>
  <testcase classname="com.qa.hubspot.tests.AccountsPageTest" name="verifyMyAccountSectionsListTest" time="0.104"/>
  <testcase classname="com.qa.hubspot.tests.AccountsPageTest" name="searchTest" time="21.299">
    <failure type="java.lang.AssertionError" message="expected [true] but found [false]">
      <![CDATA[java.lang.AssertionError: expected [true] but found [false]
at com.qa.hubspot.tests.AccountsPageTest.searchTest(AccountsPageTest.java:44)
... Removed 29 stack frames]]>
    </failure>
  </testcase> <!-- searchTest -->
</testsuite> <!-- Accounts Page -->
